<?xml version="1.0" encoding="UTF-8"?>
<testsuite name="HelloWorldTest" tests="1" skipped="0" failures="0" errors="0" timestamp="2021-03-16T13:39:25" hostname="ARI-PC" time="0.029">
  <properties/>
  <testcase name="helloWorldTest" classname="HelloWorldTest" time="0.029"/>
  <system-out><![CDATA[]]></system-out>
  <system-err><![CDATA[]]></system-err>
</testsuite>
