<?xml version="1.0" encoding="UTF-8"?>
<testsuite name="PangramTest" tests="10" skipped="0" failures="0" errors="0" timestamp="2021-03-22T16:00:08" hostname="ARI-PC" time="0.058">
  <properties/>
  <testcase name="missingTheLetterH" classname="PangramTest" time="0.043"/>
  <testcase name="missingTheLetterX" classname="PangramTest" time="0.001"/>
  <testcase name="emptySentence" classname="PangramTest" time="0.004"/>
  <testcase name="missingLettersReplacedByNumbers" classname="PangramTest" time="0.001"/>
  <testcase name="withNumbers" classname="PangramTest" time="0.001"/>
  <testcase name="mixedCaseAndPunctuation" classname="PangramTest" time="0.001"/>
  <testcase name="caseInsensitive" classname="PangramTest" time="0.0"/>
  <testcase name="withUnderscores" classname="PangramTest" time="0.0"/>
  <testcase name="onlyLowerCase" classname="PangramTest" time="0.0"/>
  <testcase name="perfectLowerCase" classname="PangramTest" time="0.001"/>
  <system-out><![CDATA[]]></system-out>
  <system-err><![CDATA[]]></system-err>
</testsuite>
