<?xml version="1.0" encoding="UTF-8"?>
<testsuite name="DiamondPrinterTest" tests="5" skipped="0" failures="0" errors="0" timestamp="2021-03-30T14:43:40" hostname="ARI-PC" time="0.059">
  <properties/>
  <testcase name="testFiveByFiveDiamond" classname="DiamondPrinterTest" time="0.039"/>
  <testcase name="testFullDiamond" classname="DiamondPrinterTest" time="0.008"/>
  <testcase name="testThreeByThreeDiamond" classname="DiamondPrinterTest" time="0.002"/>
  <testcase name="testOneByOneDiamond" classname="DiamondPrinterTest" time="0.002"/>
  <testcase name="testTwoByTwoDiamond" classname="DiamondPrinterTest" time="0.002"/>
  <system-out><![CDATA[]]></system-out>
  <system-err><![CDATA[]]></system-err>
</testsuite>
